INFO:discord.client:logging in using static token
DEBUG:discord.http:GET https://discord.com/api/v10/users/@me with None has returned 200
DEBUG:discord.http:GET /users/@me has found its initial rate limit bucket hash (78bb8553d9352a5a2f89f9def401287a).
DEBUG:discord.http:GET https://discord.com/api/v10/users/@me has received {'id': '1442879314348740812', 'username': 'strawb', 'avatar': 'dcf96facf0302cc3df6d97abd392468b', 'discriminator': '9280', 'public_flags': 0, 'flags': 0, 'bot': True, 'banner': '25d2263280685256428922d9f7dd3b6f', 'accent_color': None, 'global_name': None, 'avatar_decoration_data': None, 'collectibles': None, 'display_name_styles': None, 'banner_color': None, 'clan': None, 'primary_guild': None, 'mfa_enabled': False, 'locale': 'en-US', 'premium_type': 0, 'email': None, 'verified': True, 'bio': ''}
DEBUG:discord.http:GET https://discord.com/api/v10/oauth2/applications/@me with None has returned 200
DEBUG:discord.http:GET /oauth2/applications/@me has found its initial rate limit bucket hash (d28a133af187e91d71d96a223467ce49).
DEBUG:discord.http:GET https://discord.com/api/v10/oauth2/applications/@me has received {'id': '1442879314348740812', 'name': 'strawb', 'icon': 'dcf96facf0302cc3df6d97abd392468b', 'description': 'hes bot', 'type': None, 'bot': {'id': '1442879314348740812', 'username': 'strawb', 'avatar': 'dcf96facf0302cc3df6d97abd392468b', 'discriminator': '9280', 'public_flags': 0, 'flags': 0, 'bot': True, 'banner': '25d2263280685256428922d9f7dd3b6f', 'accent_color': None, 'global_name': None, 'avatar_decoration_data': None, 'collectibles': None, 'display_name_styles': None, 'banner_color': None, 'clan': None, 'primary_guild': None}, 'summary': '', 'is_monetized': False, 'is_verified': False, 'is_discoverable': False, 'bot_public': True, 'bot_require_code_grant': False, 'install_params': {'scopes': ['applications.commands'], 'permissions': '0'}, 'integration_types_config': {'0': {'oauth2_install_params': {'scopes': ['applications.commands'], 'permissions': '0'}}, '1': {'oauth2_install_params': {'scopes': ['applications.commands'], 'permissions': '0'}}}, 'verify_key': 'c472c21d71ee5b321a6dc940c0ddedf6d0d4c3cd5d2ebda36099304b8723a866', 'flags': 565248, 'hook': True, 'storefront_available': False, 'redirect_uris': [], 'interactions_endpoint_url': None, 'role_connections_verification_url': None, 'owner': {'id': '269894939691712514', 'username': 'shrilleh', 'avatar': 'd785f8c69106aa50adee42d16a3b518b', 'discriminator': '0', 'public_flags': 128, 'flags': 128, 'banner': None, 'accent_color': None, 'global_name': 'cat', 'avatar_decoration_data': {'asset': 'a_c5dbb475f7766708d9b1b4e685379cec', 'sku_id': '1371949732066234571', 'expires_at': 1893456000}, 'collectibles': None, 'display_name_styles': None, 'banner_color': None, 'clan': None, 'primary_guild': None}, 'approximate_guild_count': 0, 'approximate_user_install_count': 0, 'approximate_user_authorization_count': 0, 'interactions_event_types': [], 'interactions_version': 1, 'explicit_content_filter': 0, 'rpc_application_state': 0, 'store_application_state': 1, 'verification_state': 1, 'integration_public': True, 'integration_require_code_grant': False, 'discoverability_state': 1, 'discovery_eligibility_flags': 228, 'monetization_state': 1, 'verification_eligibility_flags': 91036, 'monetization_eligibility_flags': 181988, 'bot_approximate_guild_count': 1, 'team': None, 'internal_guild_restriction': 2, 'approved_consoles': [], 'pricing_localization_strategy': 'localized_price_sets'}
DEBUG:discord.gateway:Created websocket connected to wss://gateway.discord.gg/
DEBUG:discord.gateway:For Shard ID None: WebSocket Event: {'t': None, 's': None, 'op': 10, 'd': {'heartbeat_interval': 41250, '_trace': ['["gateway-prd-arm-us-east1-b-4qj6",{"micros":0.0}]']}}
DEBUG:discord.gateway:Shard ID None has sent the IDENTIFY payload.
DEBUG:discord.gateway:For Shard ID None: WebSocket Event: {'t': None, 's': None, 'op': 11, 'd': None}
DEBUG:discord.gateway:For Shard ID None: WebSocket Event: {'t': 'READY', 's': 1, 'op': 0, 'd': {'v': 10, 'user_settings': {}, 'user': {'verified': True, 'username': 'strawb', 'primary_guild': None, 'mfa_enabled': False, 'id': '1442879314348740812', 'global_name': None, 'flags': 0, 'email': None, 'discriminator': '9280', 'clan': None, 'bot': True, 'avatar': 'dcf96facf0302cc3df6d97abd392468b'}, 'session_type': 'normal', 'session_id': '486a389f6c9938a01d12804d3291b7fd', 'resume_gateway_url': 'wss://gateway-us-east1-b.discord.gg', 'relationships': [], 'private_channels': [], 'presences': [], 'guilds': [{'unavailable': True, 'id': '1442884008072581346'}], 'guild_join_requests': [], 'geo_ordered_rtc_regions': ['london', 'rotterdam', 'paris', 'frankfurt', 'milan'], 'game_relationships': [], 'auth': {}, 'application': {'id': '1442879314348740812', 'flags': 565248}, '_trace': ['["gateway-prd-arm-us-east1-b-4qj6",{"micros":157979,"calls":["id_created",{"micros":787,"calls":[]},"session_lookup_time",{"micros":2225,"calls":[]},"session_lookup_finished",{"micros":10,"calls":[]},"discord-sessions-prd-2-154",{"micros":154145,"calls":["start_session",{"micros":120165,"calls":["discord-api-rpc-7b6664bf4-s64z5",{"micros":52383,"calls":["get_user",{"micros":14361},"get_guilds",{"micros":2768},"send_scheduled_deletion_message",{"micros":17},"guild_join_requests",{"micros":407},"authorized_ip_coro",{"micros":14},"pending_payments",{"micros":57725},"apex_experiments",{"micros":3832},"user_activities",{"micros":7},"played_application_ids",{"micros":3},"linked_users",{"micros":4}]}]},"starting_guild_connect",{"micros":30,"calls":[]},"presence_started",{"micros":7789,"calls":[]},"guilds_started",{"micros":82,"calls":[]},"lobbies_started",{"micros":2,"calls":[]},"guilds_connect",{"micros":1,"calls":[]},"presence_connect",{"micros":26019,"calls":[]},"connect_finished",{"micros":26028,"calls":[]},"build_ready",{"micros":46,"calls":[]},"clean_ready",{"micros":1,"calls":[]},"optimize_ready",{"micros":0,"calls":[]},"split_ready",{"micros":1,"calls":[]}]}]}]']}}
DEBUG:discord.client:Dispatching event socket_event_type
INFO:discord.gateway:Shard ID None has connected to Gateway (Session ID: 486a389f6c9938a01d12804d3291b7fd).
DEBUG:discord.client:Dispatching event connect
DEBUG:discord.gateway:For Shard ID None: WebSocket Event: {'t': 'GUILD_CREATE', 's': 2, 'op': 0, 'd': {'stage_instances': [], 'large': False, 'channels': [{'version': 1764080755805, 'type': 4, 'position': 0, 'permission_overwrites': [], 'name': 'Text channels', 'id': '1442884011226697938', 'flags': 0}, {'version': 1764080755823, 'type': 4, 'position': 0, 'permission_overwrites': [], 'name': 'Voice channels', 'id': '1442884011226697940', 'flags': 0}, {'version': 1764080755838, 'type': 0, 'topic': None, 'rate_limit_per_user': 0, 'position': 0, 'permission_overwrites': [], 'parent_id': '1442884011226697938', 'name': 'general', 'last_message_id': '1442903369680158721', 'id': '1442884011226697941', 'icon_emoji': {'name': '👋', 'id': None}, 'flags': 0}, {'version': 1764080755865, 'user_limit': 0, 'type': 2, 'rtc_region': None, 'rate_limit_per_user': 0, 'position': 0, 'permission_overwrites': [], 'parent_id': '1442884011226697940', 'name': 'General', 'last_message_id': None, 'id': '1442884011226697942', 'icon_emoji': {'name': '🎙', 'id': None}, 'flags': 0, 'bitrate': 64000}], 'discovery_splash': None, 'system_channel_id': '1442884011226697941', 'nsfw': False, 'preferred_locale': 'en-US', 'profile': None, 'safety_alerts_channel_id': None, 'afk_channel_id': None, 'hub_type': None, 'premium_features': None, 'public_updates_channel_id': None, 'nsfw_level': 0, 'banner': None, 'inventory_settings': None, 'id': '1442884008072581346', 'member_count': 2, 'name': "cat's server", 'icon': None, 'vanity_url_code': None, 'owner_id': '269894939691712514', 'emojis': [], 'rules_channel_id': None, 'premium_subscription_count': 0, 'guild_scheduled_events': [], 'premium_tier': 0, 'threads': [], 'premium_progress_bar_enabled': False, 'features': [], 'joined_at': '2025-11-25T14:26:20.096706+00:00', 'max_stage_video_channel_users': 50, 'application_id': None, 'presences': [], 'max_members': 25000000, 'description': None, 'mfa_level': 0, 'activity_instances': [], 'region': 'deprecated', 'members': [{'user': {'username': 'strawb', 'public_flags': 0, 'primary_guild': None, 'id': '1442879314348740812', 'global_name': None, 'display_name_styles': None, 'display_name': None, 'discriminator': '9280', 'collectibles': None, 'bot': True, 'avatar_decoration_data': None, 'avatar': 'dcf96facf0302cc3df6d97abd392468b'}, 'roles': ['1442884112380854509'], 'premium_since': None, 'pending': False, 'nick': None, 'mute': False, 'joined_at': '2025-11-25T14:26:20.096706+00:00', 'flags': 0, 'deaf': False, 'communication_disabled_until': None, 'banner': None, 'avatar': None}], 'home_header': None, 'unavailable': False, 'latest_onboarding_question_id': None, 'stickers': [], 'verification_level': 0, 'max_video_channel_users': 25, 'roles': [{'version': 1764080755756, 'unicode_emoji': None, 'tags': {}, 'position': 0, 'permissions': '2248473465835073', 'name': '@everyone', 'mentionable': False, 'managed': False, 'id': '1442884008072581346', 'icon': None, 'hoist': False, 'flags': 0, 'colors': {'tertiary_color': None, 'secondary_color': None, 'primary_color': 0}, 'color': 0}, {'version': 1764080779951, 'unicode_emoji': None, 'tags': {'bot_id': '1442879314348740812'}, 'position': 1, 'permissions': '4292493113819089', 'name': 'strawb', 'mentionable': False, 'managed': True, 'id': '1442884112380854509', 'icon': None, 'hoist': False, 'flags': 0, 'colors': {'tertiary_color': None, 'secondary_color': None, 'primary_color': 0}, 'color': 0}], 'soundboard_sounds': [], 'splash': None, 'moderator_reporting': None, 'afk_timeout': 300, 'lazy': True, 'default_message_notifications': 0, 'owner_configured_content_level': 0, 'version': 1764080755875, 'system_channel_flags': 0, 'application_command_counts': {}, 'voice_states': [], 'incidents_data': None, 'explicit_content_filter': 0, 'embedded_activities': []}}
DEBUG:discord.client:Dispatching event socket_event_type
DEBUG:discord.gateway:For Shard ID None: WebSocket Event: {'t': 'GUILD_MEMBERS_CHUNK', 's': 3, 'op': 0, 'd': {'nonce': 'b559b1218b412846b1b23945ee7d0fc0', 'members': [{'user': {'username': 'shrilleh', 'public_flags': 128, 'primary_guild': None, 'id': '269894939691712514', 'global_name': 'cat', 'display_name_styles': None, 'display_name': 'cat', 'discriminator': '0', 'collectibles': None, 'bot': False, 'avatar_decoration_data': {'sku_id': '1371949732066234571', 'expires_at': 1893456000, 'asset': 'a_c5dbb475f7766708d9b1b4e685379cec'}, 'avatar': 'd785f8c69106aa50adee42d16a3b518b'}, 'roles': [], 'premium_since': None, 'pending': False, 'nick': None, 'mute': False, 'joined_at': '2025-11-25T14:25:55.225000+00:00', 'flags': 0, 'deaf': False, 'communication_disabled_until': None, 'banner': None, 'avatar': None}, {'user': {'username': 'strawb', 'public_flags': 0, 'primary_guild': None, 'id': '1442879314348740812', 'global_name': None, 'display_name_styles': None, 'display_name': None, 'discriminator': '9280', 'collectibles': None, 'bot': True, 'avatar_decoration_data': None, 'avatar': 'dcf96facf0302cc3df6d97abd392468b'}, 'roles': ['1442884112380854509'], 'premium_since': None, 'pending': False, 'nick': None, 'mute': False, 'joined_at': '2025-11-25T14:26:20.096706+00:00', 'flags': 0, 'deaf': False, 'communication_disabled_until': None, 'banner': None, 'avatar': None}], 'guild_id': '1442884008072581346', 'chunk_index': 0, 'chunk_count': 1}}
DEBUG:discord.client:Dispatching event socket_event_type
DEBUG:discord.state:Processed a chunk for 2 members in guild ID 1442884008072581346.
DEBUG:discord.client:Dispatching event guild_available
DEBUG:discord.client:Dispatching event ready
DEBUG:discord.gateway:For Shard ID None: WebSocket Event: {'t': 'TYPING_START', 's': 4, 'op': 0, 'd': {'user_id': '269894939691712514', 'timestamp': 1764085395, 'member': {'user': {'username': 'shrilleh', 'public_flags': 128, 'primary_guild': None, 'id': '269894939691712514', 'global_name': 'cat', 'display_name_styles': None, 'display_name': 'cat', 'discriminator': '0', 'collectibles': None, 'bot': False, 'avatar_decoration_data': {'sku_id': '1371949732066234571', 'expires_at': 1893456000, 'asset': 'a_c5dbb475f7766708d9b1b4e685379cec'}, 'avatar': 'd785f8c69106aa50adee42d16a3b518b'}, 'roles': [], 'premium_since': None, 'pending': False, 'nick': None, 'mute': False, 'joined_at': '2025-11-25T14:25:55.225000+00:00', 'flags': 0, 'deaf': False, 'communication_disabled_until': None, 'banner': None, 'avatar': None}, 'channel_id': '1442884011226697941', 'guild_id': '1442884008072581346'}}
DEBUG:discord.client:Dispatching event socket_event_type
DEBUG:discord.client:Dispatching event typing
DEBUG:discord.client:Dispatching event raw_typing
DEBUG:discord.gateway:For Shard ID None: WebSocket Event: {'t': 'MESSAGE_CREATE', 's': 5, 'op': 0, 'd': {'type': 0, 'tts': False, 'timestamp': '2025-11-25T15:43:17.618000+00:00', 'pinned': False, 'nonce': '1442903475305316352', 'mentions': [], 'mention_roles': [], 'mention_everyone': False, 'member': {'roles': [], 'premium_since': None, 'pending': False, 'nick': None, 'mute': False, 'joined_at': '2025-11-25T14:25:55.225000+00:00', 'flags': 0, 'deaf': False, 'communication_disabled_until': None, 'banner': None, 'avatar': None}, 'id': '1442903480569434256', 'flags': 0, 'embeds': [], 'edited_timestamp': None, 'content': '!says hiiiiiii', 'components': [], 'channel_type': 0, 'channel_id': '1442884011226697941', 'author': {'username': 'shrilleh', 'public_flags': 128, 'primary_guild': None, 'id': '269894939691712514', 'global_name': 'cat', 'display_name_styles': None, 'discriminator': '0', 'collectibles': None, 'clan': None, 'avatar_decoration_data': {'sku_id': '1371949732066234571', 'expires_at': 1893456000, 'asset': 'a_c5dbb475f7766708d9b1b4e685379cec'}, 'avatar': 'd785f8c69106aa50adee42d16a3b518b'}, 'attachments': [], 'guild_id': '1442884008072581346'}}
DEBUG:discord.client:Dispatching event socket_event_type
DEBUG:discord.client:Dispatching event message
DEBUG:discord.client:Dispatching event command
DEBUG:discord.gateway:For Shard ID None: WebSocket Event: {'t': 'MESSAGE_CREATE', 's': 6, 'op': 0, 'd': {'type': 0, 'tts': False, 'timestamp': '2025-11-25T15:43:17.787000+00:00', 'pinned': False, 'mentions': [], 'mention_roles': [], 'mention_everyone': False, 'member': {'roles': ['1442884112380854509'], 'premium_since': None, 'pending': False, 'nick': None, 'mute': False, 'joined_at': '2025-11-25T14:26:20.096706+00:00', 'flags': 0, 'deaf': False, 'communication_disabled_until': None, 'banner': None, 'avatar': None}, 'id': '1442903481278140586', 'flags': 0, 'embeds': [], 'edited_timestamp': None, 'content': 'hiiiiiii', 'components': [], 'channel_type': 0, 'channel_id': '1442884011226697941', 'author': {'username': 'strawb', 'public_flags': 0, 'primary_guild': None, 'id': '1442879314348740812', 'global_name': None, 'display_name_styles': None, 'discriminator': '9280', 'collectibles': None, 'clan': None, 'bot': True, 'avatar_decoration_data': None, 'avatar': 'dcf96facf0302cc3df6d97abd392468b'}, 'attachments': [], 'guild_id': '1442884008072581346'}}
DEBUG:discord.client:Dispatching event socket_event_type
DEBUG:discord.client:Dispatching event message
DEBUG:discord.http:POST https://discord.com/api/v10/channels/1442884011226697941/messages with {"content":"hiiiiiii","components":[],"tts":false} has returned 200
DEBUG:discord.http:POST /channels/{channel_id}/messages has found its initial rate limit bucket hash (3df15bae86f6647dd4dfcbd5c6949480).
DEBUG:discord.http:POST https://discord.com/api/v10/channels/1442884011226697941/messages has received {'type': 0, 'content': 'hiiiiiii', 'mentions': [], 'mention_roles': [], 'attachments': [], 'embeds': [], 'timestamp': '2025-11-25T15:43:17.787000+00:00', 'edited_timestamp': None, 'flags': 0, 'components': [], 'id': '1442903481278140586', 'channel_id': '1442884011226697941', 'author': {'id': '1442879314348740812', 'username': 'strawb', 'avatar': 'dcf96facf0302cc3df6d97abd392468b', 'discriminator': '9280', 'public_flags': 0, 'flags': 0, 'bot': True, 'banner': '25d2263280685256428922d9f7dd3b6f', 'accent_color': None, 'global_name': None, 'avatar_decoration_data': None, 'collectibles': None, 'display_name_styles': None, 'banner_color': None, 'clan': None, 'primary_guild': None}, 'pinned': False, 'mention_everyone': False, 'tts': False}
DEBUG:discord.client:Dispatching event command_completion
DEBUG:discord.gateway:For Shard ID None: WebSocket Event: {'t': 'MESSAGE_CREATE', 's': 7, 'op': 0, 'd': {'type': 0, 'tts': False, 'timestamp': '2025-11-25T15:43:20.440000+00:00', 'pinned': False, 'nonce': '1442903486969675776', 'mentions': [], 'mention_roles': [], 'mention_everyone': False, 'member': {'roles': [], 'premium_since': None, 'pending': False, 'nick': None, 'mute': False, 'joined_at': '2025-11-25T14:25:55.225000+00:00', 'flags': 0, 'deaf': False, 'communication_disabled_until': None, 'banner': None, 'avatar': None}, 'id': '1442903492405760080', 'flags': 0, 'embeds': [], 'edited_timestamp': None, 'content': '!say hii', 'components': [], 'channel_type': 0, 'channel_id': '1442884011226697941', 'author': {'username': 'shrilleh', 'public_flags': 128, 'primary_guild': None, 'id': '269894939691712514', 'global_name': 'cat', 'display_name_styles': None, 'discriminator': '0', 'collectibles': None, 'clan': None, 'avatar_decoration_data': {'sku_id': '1371949732066234571', 'expires_at': 1893456000, 'asset': 'a_c5dbb475f7766708d9b1b4e685379cec'}, 'avatar': 'd785f8c69106aa50adee42d16a3b518b'}, 'attachments': [], 'guild_id': '1442884008072581346'}}
DEBUG:discord.client:Dispatching event socket_event_type
DEBUG:discord.client:Dispatching event message
DEBUG:discord.client:Dispatching event command
DEBUG:discord.gateway:For Shard ID None: WebSocket Event: {'t': 'MESSAGE_CREATE', 's': 8, 'op': 0, 'd': {'type': 0, 'tts': False, 'timestamp': '2025-11-25T15:43:20.692000+00:00', 'pinned': False, 'mentions': [], 'mention_roles': [], 'mention_everyone': False, 'member': {'roles': ['1442884112380854509'], 'premium_since': None, 'pending': False, 'nick': None, 'mute': False, 'joined_at': '2025-11-25T14:26:20.096706+00:00', 'flags': 0, 'deaf': False, 'communication_disabled_until': None, 'banner': None, 'avatar': None}, 'id': '1442903493462593759', 'flags': 0, 'embeds': [], 'edited_timestamp': None, 'content': 'hii', 'components': [], 'channel_type': 0, 'channel_id': '1442884011226697941', 'author': {'username': 'strawb', 'public_flags': 0, 'primary_guild': None, 'id': '1442879314348740812', 'global_name': None, 'display_name_styles': None, 'discriminator': '9280', 'collectibles': None, 'clan': None, 'bot': True, 'avatar_decoration_data': None, 'avatar': 'dcf96facf0302cc3df6d97abd392468b'}, 'attachments': [], 'guild_id': '1442884008072581346'}}
DEBUG:discord.client:Dispatching event socket_event_type
DEBUG:discord.client:Dispatching event message
DEBUG:discord.http:POST https://discord.com/api/v10/channels/1442884011226697941/messages with {"content":"hii","components":[],"tts":false} has returned 200
DEBUG:discord.http:POST https://discord.com/api/v10/channels/1442884011226697941/messages has received {'type': 0, 'content': 'hii', 'mentions': [], 'mention_roles': [], 'attachments': [], 'embeds': [], 'timestamp': '2025-11-25T15:43:20.692000+00:00', 'edited_timestamp': None, 'flags': 0, 'components': [], 'id': '1442903493462593759', 'channel_id': '1442884011226697941', 'author': {'id': '1442879314348740812', 'username': 'strawb', 'avatar': 'dcf96facf0302cc3df6d97abd392468b', 'discriminator': '9280', 'public_flags': 0, 'flags': 0, 'bot': True, 'banner': '25d2263280685256428922d9f7dd3b6f', 'accent_color': None, 'global_name': None, 'avatar_decoration_data': None, 'collectibles': None, 'display_name_styles': None, 'banner_color': None, 'clan': None, 'primary_guild': None}, 'pinned': False, 'mention_everyone': False, 'tts': False}
DEBUG:discord.client:Dispatching event command_completion
DEBUG:discord.gateway:Keeping shard ID None websocket alive with sequence 8.
DEBUG:discord.gateway:For Shard ID None: WebSocket Event: {'t': None, 's': None, 'op': 11, 'd': None}
DEBUG:discord.gateway:Keeping shard ID None websocket alive with sequence 8.
DEBUG:discord.gateway:For Shard ID None: WebSocket Event: {'t': None, 's': None, 'op': 11, 'd': None}
DEBUG:discord.gateway:Keeping shard ID None websocket alive with sequence 8.
DEBUG:discord.gateway:For Shard ID None: WebSocket Event: {'t': None, 's': None, 'op': 11, 'd': None}
DEBUG:discord.gateway:Keeping shard ID None websocket alive with sequence 8.
DEBUG:discord.gateway:For Shard ID None: WebSocket Event: {'t': None, 's': None, 'op': 11, 'd': None}
DEBUG:discord.gateway:Keeping shard ID None websocket alive with sequence 8.
DEBUG:discord.gateway:For Shard ID None: WebSocket Event: {'t': None, 's': None, 'op': 11, 'd': None}
DEBUG:discord.gateway:Keeping shard ID None websocket alive with sequence 8.
DEBUG:discord.gateway:For Shard ID None: WebSocket Event: {'t': None, 's': None, 'op': 11, 'd': None}
DEBUG:discord.gateway:Keeping shard ID None websocket alive with sequence 8.
DEBUG:discord.gateway:For Shard ID None: WebSocket Event: {'t': None, 's': None, 'op': 11, 'd': None}
DEBUG:discord.gateway:Keeping shard ID None websocket alive with sequence 8.
DEBUG:discord.gateway:For Shard ID None: WebSocket Event: {'t': None, 's': None, 'op': 11, 'd': None}
DEBUG:discord.gateway:Keeping shard ID None websocket alive with sequence 8.
DEBUG:discord.gateway:For Shard ID None: WebSocket Event: {'t': None, 's': None, 'op': 11, 'd': None}
DEBUG:discord.gateway:Keeping shard ID None websocket alive with sequence 8.
DEBUG:discord.gateway:For Shard ID None: WebSocket Event: {'t': None, 's': None, 'op': 11, 'd': None}
DEBUG:discord.gateway:Keeping shard ID None websocket alive with sequence 8.
DEBUG:discord.gateway:For Shard ID None: WebSocket Event: {'t': None, 's': None, 'op': 11, 'd': None}
DEBUG:discord.gateway:Keeping shard ID None websocket alive with sequence 8.
DEBUG:discord.gateway:For Shard ID None: WebSocket Event: {'t': None, 's': None, 'op': 11, 'd': None}
DEBUG:discord.gateway:Keeping shard ID None websocket alive with sequence 8.
DEBUG:discord.gateway:For Shard ID None: WebSocket Event: {'t': None, 's': None, 'op': 11, 'd': None}
DEBUG:discord.gateway:Keeping shard ID None websocket alive with sequence 8.
DEBUG:discord.gateway:For Shard ID None: WebSocket Event: {'t': None, 's': None, 'op': 11, 'd': None}
DEBUG:discord.gateway:Keeping shard ID None websocket alive with sequence 8.
DEBUG:discord.gateway:For Shard ID None: WebSocket Event: {'t': None, 's': None, 'op': 11, 'd': None}
DEBUG:discord.gateway:Keeping shard ID None websocket alive with sequence 8.
DEBUG:discord.gateway:For Shard ID None: WebSocket Event: {'t': None, 's': None, 'op': 11, 'd': None}
DEBUG:discord.gateway:Keeping shard ID None websocket alive with sequence 8.
DEBUG:discord.gateway:For Shard ID None: WebSocket Event: {'t': None, 's': None, 'op': 11, 'd': None}
DEBUG:discord.gateway:Keeping shard ID None websocket alive with sequence 8.
DEBUG:discord.gateway:For Shard ID None: WebSocket Event: {'t': None, 's': None, 'op': 11, 'd': None}
DEBUG:discord.gateway:Keeping shard ID None websocket alive with sequence 8.
DEBUG:discord.gateway:For Shard ID None: WebSocket Event: {'t': None, 's': None, 'op': 11, 'd': None}
DEBUG:discord.gateway:Keeping shard ID None websocket alive with sequence 8.
DEBUG:discord.gateway:For Shard ID None: WebSocket Event: {'t': None, 's': None, 'op': 11, 'd': None}
DEBUG:discord.gateway:Keeping shard ID None websocket alive with sequence 8.
DEBUG:discord.gateway:For Shard ID None: WebSocket Event: {'t': None, 's': None, 'op': 11, 'd': None}
